0 verbose cli /usr/local/bin/node /usr/local/bin/npm
1 info using npm@8.11.0
2 info using node@v16.16.0
3 timing npm:load:whichnode Completed in 0ms
4 timing config:load:defaults Completed in 4ms
5 timing config:load:file:/usr/local/lib/node_modules/npm/npmrc Completed in 3ms
6 timing config:load:builtin Completed in 3ms
7 timing config:load:cli Completed in 2ms
8 timing config:load:env Completed in 1ms
9 timing config:load:file:/home/node/test/.npmrc Completed in 0ms
10 timing config:load:project Completed in 2ms
11 timing config:load:file:/home/node/.npmrc Completed in 0ms
12 timing config:load:user Completed in 0ms
13 timing config:load:file:/usr/local/etc/npmrc Completed in 1ms
14 timing config:load:global Completed in 2ms
15 timing config:load:validate Completed in 1ms
16 timing config:load:credentials Completed in 2ms
17 timing config:load:setEnvs Completed in 0ms
18 timing config:load Completed in 17ms
19 timing npm:load:configload Completed in 18ms
20 timing npm:load:mkdirpcache Completed in 3ms
21 timing npm:load:mkdirplogs Completed in 1ms
22 verbose title npm run db:reset
23 verbose argv "run" "db:reset"
24 timing npm:load:setTitle Completed in 1ms
25 timing config:load:flatten Completed in 2ms
26 timing npm:load:display Completed in 3ms
27 verbose logfile logs-max:10 dir:/home/node/.npm/_logs
28 verbose logfile /home/node/.npm/_logs/2022-11-18T17_44_35_122Z-debug-0.log
29 timing npm:load:logFile Completed in 3ms
30 timing npm:load:timers Completed in 0ms
31 timing npm:load:configScope Completed in 0ms
32 timing npm:load Completed in 30ms
33 silly logfile done cleaning log files
34 timing command:run Completed in 1ms
35 verbose stack Error: ENOENT: no such file or directory, open '/home/node/test/package.json'
36 verbose cwd /home/node/test
37 verbose Linux 5.14.0-1052-oem
38 verbose node v16.16.0
39 verbose npm  v8.11.0
40 error code ENOENT
41 error syscall open
42 error path /home/node/test/package.json
43 error errno -2
44 error enoent ENOENT: no such file or directory, open '/home/node/test/package.json'
45 error enoent This is related to npm not being able to find a file.
45 error enoent
46 verbose exit -2
47 timing npm Completed in 43ms
48 verbose code -2
49 error A complete log of this run can be found in:
49 error     /home/node/.npm/_logs/2022-11-18T17_44_35_122Z-debug-0.log
